<?xml version="1.0" encoding="UTF-8"?>
<testng-results ignored="0" total="1" passed="1" failed="0" skipped="0">
  <reporter-output>
  </reporter-output>
  <suite started-at="2024-03-25T23:48:24 EDT" name="Default suite" finished-at="2024-03-25T23:48:33 EDT" duration-ms="8331">
    <groups>
    </groups>
    <test started-at="2024-03-25T23:48:24 EDT" name="Default test" finished-at="2024-03-25T23:48:33 EDT" duration-ms="8331">
      <class name="pagesTest.PracticeClassTest">
        <test-method is-config="true" signature="initialReporting()[pri:0, instance:pagesTest.PracticeClassTest@663c9e7a]" started-at="2024-03-25T23:48:24 EDT" name="initialReporting" finished-at="2024-03-25T23:48:24 EDT" duration-ms="297" status="PASS">
          <reporter-output>
          </reporter-output>
        </test-method> <!-- initialReporting -->
        <test-method is-config="true" signature="beforeClassSetUp()[pri:0, instance:pagesTest.PracticeClassTest@663c9e7a]" started-at="2024-03-25T23:48:24 EDT" name="beforeClassSetUp" finished-at="2024-03-25T23:48:24 EDT" duration-ms="2" status="PASS">
          <reporter-output>
          </reporter-output>
        </test-method> <!-- beforeClassSetUp -->
        <test-method is-config="true" signature="initialTest(java.lang.reflect.Method)[pri:0, instance:pagesTest.PracticeClassTest@663c9e7a]" started-at="2024-03-25T23:48:24 EDT" name="initialTest" finished-at="2024-03-25T23:48:24 EDT" duration-ms="8" status="PASS">
          <params>
            <param index="0">
              <value>
                <![CDATA[public void pagesTest.PracticeClassTest.practiceClassMethodsTest()]]>
              </value>
            </param>
          </params>
          <reporter-output>
          </reporter-output>
        </test-method> <!-- initialTest -->
        <test-method is-config="true" signature="setUp(java.lang.String)[pri:0, instance:pagesTest.PracticeClassTest@663c9e7a]" started-at="2024-03-25T23:48:24 EDT" name="setUp" finished-at="2024-03-25T23:48:30 EDT" duration-ms="5636" status="PASS">
          <params>
            <param index="0">
              <value>
                <![CDATA[edge]]>
              </value>
            </param>
          </params>
          <reporter-output>
          </reporter-output>
        </test-method> <!-- setUp -->
        <test-method signature="practiceClassMethodsTest()[pri:0, instance:pagesTest.PracticeClassTest@663c9e7a]" started-at="2024-03-25T23:48:30 EDT" name="practiceClassMethodsTest" finished-at="2024-03-25T23:48:33 EDT" duration-ms="2379" status="PASS">
          <reporter-output>
          </reporter-output>
        </test-method> <!-- practiceClassMethodsTest -->
        <test-method is-config="true" signature="afterEachTest(java.lang.reflect.Method,org.testng.ITestResult)[pri:0, instance:pagesTest.PracticeClassTest@663c9e7a]" started-at="2024-03-25T23:48:33 EDT" name="afterEachTest" finished-at="2024-03-25T23:48:33 EDT" duration-ms="7" status="PASS">
          <params>
            <param index="0">
              <value>
                <![CDATA[public void pagesTest.PracticeClassTest.practiceClassMethodsTest()]]>
              </value>
            </param>
            <param index="1">
              <value>
                <![CDATA[[TestResult name=practiceClassMethodsTest status=SUCCESS method=PracticeClassTest.practiceClassMethodsTest()[pri:0, instance:pagesTest.PracticeClassTest@663c9e7a] output={null}]]]>
              </value>
            </param>
          </params>
          <reporter-output>
          </reporter-output>
        </test-method> <!-- afterEachTest -->
        <test-method is-config="true" signature="tearUp()[pri:0, instance:pagesTest.PracticeClassTest@663c9e7a]" started-at="2024-03-25T23:48:33 EDT" name="tearUp" finished-at="2024-03-25T23:48:33 EDT" duration-ms="253" status="PASS">
          <reporter-output>
          </reporter-output>
        </test-method> <!-- tearUp -->
        <test-method is-config="true" signature="publishReport()[pri:0, instance:pagesTest.PracticeClassTest@663c9e7a]" started-at="2024-03-25T23:48:33 EDT" name="publishReport" finished-at="2024-03-25T23:48:33 EDT" duration-ms="353" status="PASS">
          <reporter-output>
          </reporter-output>
        </test-method> <!-- publishReport -->
      </class> <!-- pagesTest.PracticeClassTest -->
    </test> <!-- Default test -->
  </suite> <!-- Default suite -->
</testng-results>
